SF:lib\src\question_provider.dart
DA:11,0
DA:19,1
DA:20,1
DA:21,3
DA:22,4
DA:23,4
DA:24,5
DA:25,4
DA:26,5
DA:33,0
DA:34,0
DA:35,0
DA:36,0
DA:37,0
DA:38,0
DA:39,0
DA:40,0
DA:41,0
DA:46,0
DA:47,0
DA:56,1
DA:57,1
DA:58,4
DA:59,3
DA:60,7
DA:61,6
DA:62,6
DA:63,8
DA:65,4
DA:74,1
DA:75,2
DA:76,4
DA:77,1
DA:78,2
DA:79,2
DA:80,1
DA:83,1
DA:84,1
DA:87,1
DA:89,4
DA:90,1
DA:91,2
DA:92,2
DA:93,1
DA:94,2
DA:96,1
DA:97,1
DA:98,0
DA:100,1
DA:110,1
DA:112,4
DA:113,6
DA:115,4
DA:116,4
DA:118,4
DA:119,4
DA:121,4
DA:122,3
DA:123,1
DA:124,2
DA:125,1
DA:127,1
DA:128,2
DA:129,3
DA:130,0
DA:131,3
DA:132,0
DA:133,0
DA:134,0
DA:135,0
DA:136,0
DA:137,0
DA:138,0
DA:143,4
DA:144,0
DA:145,0
DA:146,0
DA:147,0
DA:148,0
DA:149,0
DA:150,0
DA:151,0
DA:154,3
DA:155,1
DA:156,2
DA:157,1
DA:158,1
DA:159,2
DA:160,1
DA:161,1
DA:162,6
DA:163,2
DA:164,6
DA:165,2
DA:166,0
DA:167,1
DA:169,3
DA:177,1
DA:186,1
DA:189,3
DA:190,4
DA:191,4
DA:192,4
DA:193,1
DA:194,2
DA:195,7
DA:197,1
DA:198,5
DA:199,2
DA:200,7
DA:201,4
DA:204,4
DA:205,4
DA:206,4
DA:207,1
DA:208,2
DA:209,7
DA:211,4
DA:212,4
DA:215,4
DA:216,4
DA:217,4
DA:218,1
DA:219,4
DA:220,4
DA:224,1
DA:225,1
LF:127
LH:97
end_of_record
SF:lib\src\models.dart
DA:12,1
DA:22,1
DA:24,1
DA:39,1
DA:45,1
DA:72,1
DA:78,1
DA:79,1
DA:80,1
DA:81,1
DA:82,1
DA:83,1
DA:97,0
LF:13
LH:12
end_of_record
SF:lib\src\widgets\answer_widget.dart
DA:14,0
DA:16,0
DA:18,0
DA:19,0
DA:20,0
DA:21,0
DA:22,0
DA:23,0
DA:24,0
DA:25,0
DA:26,0
DA:28,0
DA:29,0
DA:31,0
DA:34,0
LF:15
LH:0
end_of_record
SF:lib\src\widgets\widget.dart
DA:21,0
DA:28,0
DA:30,0
DA:32,0
DA:33,0
DA:34,0
DA:35,0
DA:36,0
DA:37,0
DA:38,0
DA:41,0
DA:48,0
DA:49,0
DA:50,0
DA:54,0
DA:56,0
DA:57,0
DA:59,0
DA:60,0
DA:61,0
DA:62,0
DA:65,0
DA:66,0
DA:67,0
DA:68,0
DA:69,0
DA:70,0
DA:71,0
DA:74,0
DA:82,0
DA:84,0
DA:85,0
DA:90,0
DA:92,0
DA:93,0
DA:102,0
DA:104,0
DA:105,0
DA:111,0
DA:113,0
DA:114,0
DA:123,0
DA:125,0
DA:126,0
DA:133,0
DA:135,0
DA:136,0
DA:137,0
DA:138,0
DA:140,0
DA:141,0
DA:144,0
DA:146,0
DA:147,0
DA:148,0
DA:149,0
DA:151,0
DA:152,0
DA:154,0
DA:155,0
DA:156,0
DA:157,0
DA:158,0
DA:159,0
DA:160,0
DA:161,0
DA:162,0
DA:163,0
DA:164,0
DA:165,0
DA:167,0
DA:169,0
DA:175,0
DA:176,0
DA:177,0
DA:179,0
DA:180,0
DA:181,0
DA:183,0
DA:185,0
DA:186,0
DA:187,0
DA:188,0
DA:189,0
DA:192,0
DA:195,0
DA:196,0
DA:198,0
DA:200,0
DA:203,0
DA:205,0
DA:206,0
DA:207,0
DA:213,0
DA:214,0
DA:215,0
DA:216,0
DA:217,0
DA:218,0
DA:222,0
DA:226,0
DA:228,0
DA:229,0
DA:231,0
DA:232,0
DA:233,0
DA:234,0
DA:235,0
DA:239,0
DA:241,0
DA:244,0
DA:245,0
DA:247,0
DA:251,0
LF:114
LH:0
end_of_record
